<?xml version="1.0" encoding="UTF-8"?>
<!-- Generated by org.testng.reporters.JUnitReportReporter -->
<testsuite hostname="rkagr55" failures="0" tests="2" name="tests.MyAccountTest" time="52.859" errors="0" timestamp="2023-07-11T20:40:39 IST" skipped="0">
  <testcase classname="tests.MyAccountTest" name="TCID4" time="29.467"/>
  <system-out/>
  <testcase classname="tests.MyAccountTest" name="TCID3" time="23.392"/>
  <system-out/>
</testsuite> <!-- tests.MyAccountTest -->
