<?xml version="1.0" encoding="UTF-8"?>
<!-- Generated by org.testng.reporters.JUnitReportReporter -->
<testsuite hostname="rkagr55" failures="0" tests="3" name="tests.ResetPasswordTest" time="59.983" errors="0" timestamp="2023-07-11T20:40:40 IST" skipped="0">
  <testcase classname="tests.ResetPasswordTest" name="TCID7" time="22.875"/>
  <system-out/>
  <testcase classname="tests.ResetPasswordTest" name="TCID6" time="18.970"/>
  <system-out/>
  <testcase classname="tests.ResetPasswordTest" name="TCID5" time="18.138"/>
  <system-out/>
</testsuite> <!-- tests.ResetPasswordTest -->
